<?xml version="1.0" encoding="UTF-8"?>
<!-- Generated by org.testng.reporters.JUnitReportReporter -->
<testsuite hostname="LAPTOP-OIQQGHKO" failures="0" tests="4" name="api.test.Datadriventest" time="5.200" errors="0" timestamp="2023-05-08T02:55:32 IST" skipped="0">
  <testcase classname="api.test.Datadriventest" name="datasetup" time="0.003"/>
  <system-out/>
  <testcase classname="api.test.Datadriventest" name="datasetup" time="0.015"/>
  <system-out/>
  <testcase classname="api.test.Datadriventest" name="datasetup" time="0.002"/>
  <system-out/>
  <testcase classname="api.test.Datadriventest" name="test_postuser" time="5.180"/>
  <system-out/>
</testsuite> <!-- api.test.Datadriventest -->
